2021-09-05 08:55:43 [scrapy] DEBUG: Crawled (200) <GET https://in.puma.com/in/en/pd/suede-triplex-unisex-sneakers/381175.html?dwvar_381175_color=01> (referer: None)
2021-09-05 08:55:43 [scrapy] INFO: Closing spider (finished)
2021-09-05 08:55:43 [scrapy] INFO: Dumping Scrapy stats:
{'downloader/request_bytes': 379,
 'downloader/request_count': 1,
 'downloader/request_method_count/GET': 1,
 'downloader/response_bytes': 66521,
 'downloader/response_count': 1,
 'downloader/response_status_count/200': 1,
 'elapsed_time_seconds': 0.891713,
 'finish_reason': 'finished',
 'finish_time': datetime.datetime(2021, 9, 5, 3, 25, 43, 820648),
 'httpcompression/response_bytes': 841200,
 'httpcompression/response_count': 1,
 'log_count/DEBUG': 1,
 'log_count/INFO': 8,
 'response_received_count': 1,
 'scheduler/dequeued': 1,
 'scheduler/dequeued/memory': 1,
 'scheduler/enqueued': 1,
 'scheduler/enqueued/memory': 1,
 'start_time': datetime.datetime(2021, 9, 5, 3, 25, 42, 928935)}
2021-09-05 08:55:43 [scrapy] INFO: Spider closed (finished)
