2021-09-04 19:11:18 [scrapy] DEBUG: Crawled (200) <GET https://www.reliancedigital.in/bpl-109-22-cm-43-inch-full-hd-android-smart-tv-with-dolby-surround-sound-technology-43f-a4300/p/491893307> (referer: None)
2021-09-04 19:12:28 [scrapy] DEBUG: Scraped from <200 https://www.reliancedigital.in/bpl-109-22-cm-43-inch-full-hd-android-smart-tv-with-dolby-surround-sound-technology-43f-a4300/p/491893307>
{'image': '/build/client/images/loaders/rd_logo.svg',
 'pid': 'https://www.reliancedigital.in/bpl-109-22-cm-43-inch-full-hd-android-smart-tv-with-dolby-surround-sound-technology-43f-a4300/p/491893307'}
2021-09-04 19:12:33 [scrapy] DEBUG: Scraped from <200 https://www.reliancedigital.in/bpl-109-22-cm-43-inch-full-hd-android-smart-tv-with-dolby-surround-sound-technology-43f-a4300/p/491893307>
{'image': '/build/client/images/loaders/rd_logo.svg',
 'pid': 'https://www.reliancedigital.in/bpl-109-22-cm-43-inch-full-hd-android-smart-tv-with-dolby-surround-sound-technology-43f-a4300/p/491893307'}
2021-09-04 19:12:38 [scrapy] DEBUG: Scraped from <200 https://www.reliancedigital.in/bpl-109-22-cm-43-inch-full-hd-android-smart-tv-with-dolby-surround-sound-technology-43f-a4300/p/491893307>
{'image': '/build/client/images/loaders/rd_logo.svg',
 'pid': 'https://www.reliancedigital.in/bpl-109-22-cm-43-inch-full-hd-android-smart-tv-with-dolby-surround-sound-technology-43f-a4300/p/491893307'}
2021-09-04 19:12:43 [scrapy] DEBUG: Scraped from <200 https://www.reliancedigital.in/bpl-109-22-cm-43-inch-full-hd-android-smart-tv-with-dolby-surround-sound-technology-43f-a4300/p/491893307>
{'image': '/build/client/images/loaders/rd_logo.svg',
 'pid': 'https://www.reliancedigital.in/bpl-109-22-cm-43-inch-full-hd-android-smart-tv-with-dolby-surround-sound-technology-43f-a4300/p/491893307'}
2021-09-04 19:12:46 [scrapy] DEBUG: Scraped from <200 https://www.reliancedigital.in/bpl-109-22-cm-43-inch-full-hd-android-smart-tv-with-dolby-surround-sound-technology-43f-a4300/p/491893307>
{'image': '/build/client/images/loaders/rd_logo.svg',
 'pid': 'https://www.reliancedigital.in/bpl-109-22-cm-43-inch-full-hd-android-smart-tv-with-dolby-surround-sound-technology-43f-a4300/p/491893307'}
2021-09-04 19:12:50 [scrapy] DEBUG: Scraped from <200 https://www.reliancedigital.in/bpl-109-22-cm-43-inch-full-hd-android-smart-tv-with-dolby-surround-sound-technology-43f-a4300/p/491893307>
{'image': '/build/client/images/loaders/rd_logo.svg',
 'pid': 'https://www.reliancedigital.in/bpl-109-22-cm-43-inch-full-hd-android-smart-tv-with-dolby-surround-sound-technology-43f-a4300/p/491893307'}
2021-09-04 19:12:58 [scrapy] DEBUG: Scraped from <200 https://www.reliancedigital.in/bpl-109-22-cm-43-inch-full-hd-android-smart-tv-with-dolby-surround-sound-technology-43f-a4300/p/491893307>
{'image': '/build/client/images/loaders/rd_logo.svg',
 'pid': 'https://www.reliancedigital.in/bpl-109-22-cm-43-inch-full-hd-android-smart-tv-with-dolby-surround-sound-technology-43f-a4300/p/491893307'}
2021-09-04 19:13:04 [scrapy] DEBUG: Scraped from <200 https://www.reliancedigital.in/bpl-109-22-cm-43-inch-full-hd-android-smart-tv-with-dolby-surround-sound-technology-43f-a4300/p/491893307>
{'image': '/build/client/images/loaders/rd_logo.svg',
 'pid': 'https://www.reliancedigital.in/bpl-109-22-cm-43-inch-full-hd-android-smart-tv-with-dolby-surround-sound-technology-43f-a4300/p/491893307'}
2021-09-04 19:13:07 [scrapy] INFO: Closing spider (finished)
2021-09-04 19:13:07 [scrapy] INFO: Dumping Scrapy stats:
{'downloader/request_bytes': 453,
 'downloader/request_count': 1,
 'downloader/request_method_count/GET': 1,
 'downloader/response_bytes': 381491,
 'downloader/response_count': 1,
 'downloader/response_status_count/200': 1,
 'elapsed_time_seconds': 120.348066,
 'finish_reason': 'finished',
 'finish_time': datetime.datetime(2021, 9, 4, 13, 43, 7, 11880),
 'item_scraped_count': 8,
 'log_count/DEBUG': 417,
 'log_count/INFO': 8,
 'response_received_count': 1,
 'scheduler/dequeued': 1,
 'scheduler/dequeued/memory': 1,
 'scheduler/enqueued': 1,
 'scheduler/enqueued/memory': 1,
 'start_time': datetime.datetime(2021, 9, 4, 13, 41, 6, 663814)}
2021-09-04 19:13:07 [scrapy] INFO: Spider closed (finished)
