2021-09-05 07:18:19 [scrapy] DEBUG: Crawled (200) <GET https://www.reliancedigital.in/bpl-109-22-cm-43-inch-full-hd-android-smart-tv-with-dolby-surround-sound-technology-43f-a4300/p/491893307> (referer: None)
2021-09-05 07:18:38 [scrapy] DEBUG: Scraped from <200 https://www.reliancedigital.in/bpl-109-22-cm-43-inch-full-hd-android-smart-tv-with-dolby-surround-sound-technology-43f-a4300/p/491893307>
{'image': '/medias/BPL-43F-A4300-Televisions-491893307-i-2-1200Wx1200H?context=bWFzdGVyfGltYWdlc3wzNjI3OTd8aW1hZ2UvanBlZ3xpbWFnZXMvaDc4L2hlNS85NTE5MzAwMjgwMzUwLmpwZ3wxODZlYTJhMDU1MjI0NmNmNDhmYjBkYTczMjg0MTMyZDE3YmZkODJiN2I3NDYzZThhM2IwMTU0YWI2ODg1NDky',
 'pid': 'https://www.reliancedigital.in/bpl-109-22-cm-43-inch-full-hd-android-smart-tv-with-dolby-surround-sound-technology-43f-a4300/p/491893307'}
2021-09-05 07:18:41 [scrapy] DEBUG: Scraped from <200 https://www.reliancedigital.in/bpl-109-22-cm-43-inch-full-hd-android-smart-tv-with-dolby-surround-sound-technology-43f-a4300/p/491893307>
{'image': '/medias/BPL-43F-A4300-Televisions-491893307-i-3-1200Wx1200H?context=bWFzdGVyfGltYWdlc3wzNTM0NTZ8aW1hZ2UvanBlZ3xpbWFnZXMvaDJkL2g3MC85NTE5MzAxMjYzMzkwLmpwZ3xhNjVkYWU4NmExNGUxNTcyNzJiOWRiZmQyMDE0OGM3ZDk5NGNlMzNlZWQ3MjM0NzQ3MGI4YmU3NjZkMTlhYjVk',
 'pid': 'https://www.reliancedigital.in/bpl-109-22-cm-43-inch-full-hd-android-smart-tv-with-dolby-surround-sound-technology-43f-a4300/p/491893307'}
2021-09-05 07:18:43 [scrapy] DEBUG: Scraped from <200 https://www.reliancedigital.in/bpl-109-22-cm-43-inch-full-hd-android-smart-tv-with-dolby-surround-sound-technology-43f-a4300/p/491893307>
{'image': '/medias/BPL-43F-A4300-Televisions-491893307-i-4-1200Wx1200H?context=bWFzdGVyfGltYWdlc3wzNDcwMzd8aW1hZ2UvanBlZ3xpbWFnZXMvaDI0L2g1Ni85NTE5MzAxOTE4NzUwLmpwZ3xkOTRiNTdiNDc5NDRjOTM0NThjMjM5YTY4YTg4ZDMxODAxZGEyOWJkMjdiNmY3MjQ1NmUwZmNlYzg4NmZkMmMw',
 'pid': 'https://www.reliancedigital.in/bpl-109-22-cm-43-inch-full-hd-android-smart-tv-with-dolby-surround-sound-technology-43f-a4300/p/491893307'}
2021-09-05 07:18:46 [scrapy] DEBUG: Scraped from <200 https://www.reliancedigital.in/bpl-109-22-cm-43-inch-full-hd-android-smart-tv-with-dolby-surround-sound-technology-43f-a4300/p/491893307>
{'image': '/medias/BPL-43F-A4300-Televisions-491893307-i-1-1200Wx1200H?context=bWFzdGVyfGltYWdlc3wzMjgyNjV8aW1hZ2UvanBlZ3xpbWFnZXMvaGEzL2hhNS85NTE5Mjk4OTY5NjMwLmpwZ3w2NWQ2OWEyODhlZDE3OTdjZmZhZGZlZDkzZWVjNTkwYzBlM2ViYjNlNzJmZWQ3NDc1YjI3MjVjZDhlZGIwNmQ0',
 'pid': 'https://www.reliancedigital.in/bpl-109-22-cm-43-inch-full-hd-android-smart-tv-with-dolby-surround-sound-technology-43f-a4300/p/491893307'}
2021-09-05 07:18:48 [scrapy] DEBUG: Scraped from <200 https://www.reliancedigital.in/bpl-109-22-cm-43-inch-full-hd-android-smart-tv-with-dolby-surround-sound-technology-43f-a4300/p/491893307>
{'image': '/medias/BPL-43F-A4300-Televisions-491893307-i-2-1200Wx1200H?context=bWFzdGVyfGltYWdlc3wzNjI3OTd8aW1hZ2UvanBlZ3xpbWFnZXMvaDc4L2hlNS85NTE5MzAwMjgwMzUwLmpwZ3wxODZlYTJhMDU1MjI0NmNmNDhmYjBkYTczMjg0MTMyZDE3YmZkODJiN2I3NDYzZThhM2IwMTU0YWI2ODg1NDky',
 'pid': 'https://www.reliancedigital.in/bpl-109-22-cm-43-inch-full-hd-android-smart-tv-with-dolby-surround-sound-technology-43f-a4300/p/491893307'}
2021-09-05 07:18:50 [scrapy] DEBUG: Scraped from <200 https://www.reliancedigital.in/bpl-109-22-cm-43-inch-full-hd-android-smart-tv-with-dolby-surround-sound-technology-43f-a4300/p/491893307>
{'image': '/medias/BPL-43F-A4300-Televisions-491893307-i-3-1200Wx1200H?context=bWFzdGVyfGltYWdlc3wzNTM0NTZ8aW1hZ2UvanBlZ3xpbWFnZXMvaDJkL2g3MC85NTE5MzAxMjYzMzkwLmpwZ3xhNjVkYWU4NmExNGUxNTcyNzJiOWRiZmQyMDE0OGM3ZDk5NGNlMzNlZWQ3MjM0NzQ3MGI4YmU3NjZkMTlhYjVk',
 'pid': 'https://www.reliancedigital.in/bpl-109-22-cm-43-inch-full-hd-android-smart-tv-with-dolby-surround-sound-technology-43f-a4300/p/491893307'}
2021-09-05 07:18:53 [scrapy] DEBUG: Scraped from <200 https://www.reliancedigital.in/bpl-109-22-cm-43-inch-full-hd-android-smart-tv-with-dolby-surround-sound-technology-43f-a4300/p/491893307>
{'image': '/medias/BPL-43F-A4300-Televisions-491893307-i-4-1200Wx1200H?context=bWFzdGVyfGltYWdlc3wzNDcwMzd8aW1hZ2UvanBlZ3xpbWFnZXMvaDI0L2g1Ni85NTE5MzAxOTE4NzUwLmpwZ3xkOTRiNTdiNDc5NDRjOTM0NThjMjM5YTY4YTg4ZDMxODAxZGEyOWJkMjdiNmY3MjQ1NmUwZmNlYzg4NmZkMmMw',
 'pid': 'https://www.reliancedigital.in/bpl-109-22-cm-43-inch-full-hd-android-smart-tv-with-dolby-surround-sound-technology-43f-a4300/p/491893307'}
2021-09-05 07:18:55 [scrapy] DEBUG: Scraped from <200 https://www.reliancedigital.in/bpl-109-22-cm-43-inch-full-hd-android-smart-tv-with-dolby-surround-sound-technology-43f-a4300/p/491893307>
{'image': '/medias/BPL-43F-A4300-Televisions-491893307-i-1-1200Wx1200H?context=bWFzdGVyfGltYWdlc3wzMjgyNjV8aW1hZ2UvanBlZ3xpbWFnZXMvaGEzL2hhNS85NTE5Mjk4OTY5NjMwLmpwZ3w2NWQ2OWEyODhlZDE3OTdjZmZhZGZlZDkzZWVjNTkwYzBlM2ViYjNlNzJmZWQ3NDc1YjI3MjVjZDhlZGIwNmQ0',
 'pid': 'https://www.reliancedigital.in/bpl-109-22-cm-43-inch-full-hd-android-smart-tv-with-dolby-surround-sound-technology-43f-a4300/p/491893307'}
2021-09-05 07:18:57 [scrapy] DEBUG: Scraped from <200 https://www.reliancedigital.in/bpl-109-22-cm-43-inch-full-hd-android-smart-tv-with-dolby-surround-sound-technology-43f-a4300/p/491893307>
{'image': '/medias/BPL-43F-A4300-Televisions-491893307-i-2-1200Wx1200H?context=bWFzdGVyfGltYWdlc3wzNjI3OTd8aW1hZ2UvanBlZ3xpbWFnZXMvaDc4L2hlNS85NTE5MzAwMjgwMzUwLmpwZ3wxODZlYTJhMDU1MjI0NmNmNDhmYjBkYTczMjg0MTMyZDE3YmZkODJiN2I3NDYzZThhM2IwMTU0YWI2ODg1NDky',
 'pid': 'https://www.reliancedigital.in/bpl-109-22-cm-43-inch-full-hd-android-smart-tv-with-dolby-surround-sound-technology-43f-a4300/p/491893307'}
2021-09-05 07:19:00 [scrapy] DEBUG: Scraped from <200 https://www.reliancedigital.in/bpl-109-22-cm-43-inch-full-hd-android-smart-tv-with-dolby-surround-sound-technology-43f-a4300/p/491893307>
{'image': '/medias/BPL-43F-A4300-Televisions-491893307-i-3-1200Wx1200H?context=bWFzdGVyfGltYWdlc3wzNTM0NTZ8aW1hZ2UvanBlZ3xpbWFnZXMvaDJkL2g3MC85NTE5MzAxMjYzMzkwLmpwZ3xhNjVkYWU4NmExNGUxNTcyNzJiOWRiZmQyMDE0OGM3ZDk5NGNlMzNlZWQ3MjM0NzQ3MGI4YmU3NjZkMTlhYjVk',
 'pid': 'https://www.reliancedigital.in/bpl-109-22-cm-43-inch-full-hd-android-smart-tv-with-dolby-surround-sound-technology-43f-a4300/p/491893307'}
2021-09-05 07:19:02 [scrapy] DEBUG: Scraped from <200 https://www.reliancedigital.in/bpl-109-22-cm-43-inch-full-hd-android-smart-tv-with-dolby-surround-sound-technology-43f-a4300/p/491893307>
{'image': '/medias/BPL-43F-A4300-Televisions-491893307-i-4-1200Wx1200H?context=bWFzdGVyfGltYWdlc3wzNDcwMzd8aW1hZ2UvanBlZ3xpbWFnZXMvaDI0L2g1Ni85NTE5MzAxOTE4NzUwLmpwZ3xkOTRiNTdiNDc5NDRjOTM0NThjMjM5YTY4YTg4ZDMxODAxZGEyOWJkMjdiNmY3MjQ1NmUwZmNlYzg4NmZkMmMw',
 'pid': 'https://www.reliancedigital.in/bpl-109-22-cm-43-inch-full-hd-android-smart-tv-with-dolby-surround-sound-technology-43f-a4300/p/491893307'}
2021-09-05 07:19:05 [scrapy] INFO: Closing spider (finished)
2021-09-05 07:19:05 [scrapy] INFO: Dumping Scrapy stats:
{'downloader/request_bytes': 373,
 'downloader/request_count': 1,
 'downloader/request_method_count/GET': 1,
 'downloader/response_bytes': 381486,
 'downloader/response_count': 1,
 'downloader/response_status_count/200': 1,
 'elapsed_time_seconds': 48.022359,
 'finish_reason': 'finished',
 'finish_time': datetime.datetime(2021, 9, 5, 1, 49, 5, 111401),
 'item_scraped_count': 11,
 'log_count/DEBUG': 660,
 'log_count/INFO': 8,
 'response_received_count': 1,
 'scheduler/dequeued': 1,
 'scheduler/dequeued/memory': 1,
 'scheduler/enqueued': 1,
 'scheduler/enqueued/memory': 1,
 'start_time': datetime.datetime(2021, 9, 5, 1, 48, 17, 89042)}
2021-09-05 07:19:05 [scrapy] INFO: Spider closed (finished)
