2021-09-05 07:21:53 [scrapy] DEBUG: Crawled (200) <GET https://www.reliancedigital.in/sony-ps3-500gb-console/p/491005158> (referer: None)
2021-09-05 07:22:01 [scrapy] DEBUG: Scraped from <200 https://www.reliancedigital.in/sony-ps3-500gb-console/p/491005158>
{'image': '/medias/Sony-PS3-500GB-Gaming-Consoles-491005158-i-1-1200Wx1200H?context=bWFzdGVyfGltYWdlc3w1MzQ2OHxpbWFnZS9qcGVnfGltYWdlcy9oMmEvaGNhLzkzNjIxNjQ5NDA4MzAuanBnfDgyMjkyYjBjOWVkMGUxOGM0NDgyNjViM2NlYWRkYjJjYjEwZmNiYzI5N2UxMDIyMDgzNDJhY2NlNTNkNTYzNjk',
 'pid': 'https://www.reliancedigital.in/sony-ps3-500gb-console/p/491005158'}
2021-09-05 07:22:03 [scrapy] INFO: Closing spider (finished)
2021-09-05 07:22:03 [scrapy] INFO: Dumping Scrapy stats:
{'downloader/request_bytes': 333,
 'downloader/request_count': 1,
 'downloader/request_method_count/GET': 1,
 'downloader/response_bytes': 301802,
 'downloader/response_count': 1,
 'downloader/response_status_count/200': 1,
 'elapsed_time_seconds': 12.782074,
 'finish_reason': 'finished',
 'finish_time': datetime.datetime(2021, 9, 5, 1, 52, 3, 712442),
 'item_scraped_count': 1,
 'log_count/DEBUG': 75,
 'log_count/INFO': 8,
 'response_received_count': 1,
 'scheduler/dequeued': 1,
 'scheduler/dequeued/memory': 1,
 'scheduler/enqueued': 1,
 'scheduler/enqueued/memory': 1,
 'start_time': datetime.datetime(2021, 9, 5, 1, 51, 50, 930368)}
2021-09-05 07:22:03 [scrapy] INFO: Spider closed (finished)
