2021-09-04 18:26:18 [scrapy] DEBUG: Crawled (200) <GET https://www.reliancedigital.in/bpl-109-22-cm-43-inch-full-hd-android-smart-tv-with-dolby-surround-sound-technology-43f-a4300/p/491893307> (referer: None)
2021-09-04 18:27:20 [scrapy] DEBUG: Scraped from <200 https://www.reliancedigital.in/bpl-109-22-cm-43-inch-full-hd-android-smart-tv-with-dolby-surround-sound-technology-43f-a4300/p/491893307>
{'image': '/build/client/images/loaders/mdefault.png',
 'pid': 'https://www.reliancedigital.in/bpl-109-22-cm-43-inch-full-hd-android-smart-tv-with-dolby-surround-sound-technology-43f-a4300/p/491893307'}
2021-09-04 18:27:24 [scrapy] DEBUG: Scraped from <200 https://www.reliancedigital.in/bpl-109-22-cm-43-inch-full-hd-android-smart-tv-with-dolby-surround-sound-technology-43f-a4300/p/491893307>
{'image': '/build/client/images/loaders/mdefault.png',
 'pid': 'https://www.reliancedigital.in/bpl-109-22-cm-43-inch-full-hd-android-smart-tv-with-dolby-surround-sound-technology-43f-a4300/p/491893307'}
2021-09-04 18:27:28 [scrapy] DEBUG: Scraped from <200 https://www.reliancedigital.in/bpl-109-22-cm-43-inch-full-hd-android-smart-tv-with-dolby-surround-sound-technology-43f-a4300/p/491893307>
{'image': '/build/client/images/loaders/mdefault.png',
 'pid': 'https://www.reliancedigital.in/bpl-109-22-cm-43-inch-full-hd-android-smart-tv-with-dolby-surround-sound-technology-43f-a4300/p/491893307'}
2021-09-04 18:27:32 [scrapy] DEBUG: Scraped from <200 https://www.reliancedigital.in/bpl-109-22-cm-43-inch-full-hd-android-smart-tv-with-dolby-surround-sound-technology-43f-a4300/p/491893307>
{'image': '/build/client/images/loaders/mdefault.png',
 'pid': 'https://www.reliancedigital.in/bpl-109-22-cm-43-inch-full-hd-android-smart-tv-with-dolby-surround-sound-technology-43f-a4300/p/491893307'}
2021-09-04 18:27:35 [scrapy] DEBUG: Scraped from <200 https://www.reliancedigital.in/bpl-109-22-cm-43-inch-full-hd-android-smart-tv-with-dolby-surround-sound-technology-43f-a4300/p/491893307>
{'image': '/build/client/images/loaders/mdefault.png',
 'pid': 'https://www.reliancedigital.in/bpl-109-22-cm-43-inch-full-hd-android-smart-tv-with-dolby-surround-sound-technology-43f-a4300/p/491893307'}
2021-09-04 18:27:39 [scrapy] DEBUG: Scraped from <200 https://www.reliancedigital.in/bpl-109-22-cm-43-inch-full-hd-android-smart-tv-with-dolby-surround-sound-technology-43f-a4300/p/491893307>
{'image': '/build/client/images/loaders/mdefault.png',
 'pid': 'https://www.reliancedigital.in/bpl-109-22-cm-43-inch-full-hd-android-smart-tv-with-dolby-surround-sound-technology-43f-a4300/p/491893307'}
2021-09-04 18:27:49 [scrapy] DEBUG: Scraped from <200 https://www.reliancedigital.in/bpl-109-22-cm-43-inch-full-hd-android-smart-tv-with-dolby-surround-sound-technology-43f-a4300/p/491893307>
{'image': '/build/client/images/loaders/mdefault.png',
 'pid': 'https://www.reliancedigital.in/bpl-109-22-cm-43-inch-full-hd-android-smart-tv-with-dolby-surround-sound-technology-43f-a4300/p/491893307'}
2021-09-04 18:27:56 [scrapy] DEBUG: Scraped from <200 https://www.reliancedigital.in/bpl-109-22-cm-43-inch-full-hd-android-smart-tv-with-dolby-surround-sound-technology-43f-a4300/p/491893307>
{'image': '/build/client/images/loaders/mdefault.png',
 'pid': 'https://www.reliancedigital.in/bpl-109-22-cm-43-inch-full-hd-android-smart-tv-with-dolby-surround-sound-technology-43f-a4300/p/491893307'}
2021-09-04 18:28:06 [scrapy] DEBUG: Scraped from <200 https://www.reliancedigital.in/bpl-109-22-cm-43-inch-full-hd-android-smart-tv-with-dolby-surround-sound-technology-43f-a4300/p/491893307>
{'image': '/build/client/images/loaders/mdefault.png',
 'pid': 'https://www.reliancedigital.in/bpl-109-22-cm-43-inch-full-hd-android-smart-tv-with-dolby-surround-sound-technology-43f-a4300/p/491893307'}
2021-09-04 18:28:10 [scrapy] DEBUG: Scraped from <200 https://www.reliancedigital.in/bpl-109-22-cm-43-inch-full-hd-android-smart-tv-with-dolby-surround-sound-technology-43f-a4300/p/491893307>
{'image': '/build/client/images/loaders/mdefault.png',
 'pid': 'https://www.reliancedigital.in/bpl-109-22-cm-43-inch-full-hd-android-smart-tv-with-dolby-surround-sound-technology-43f-a4300/p/491893307'}
2021-09-04 18:28:12 [scrapy] INFO: Closing spider (finished)
2021-09-04 18:28:12 [scrapy] INFO: Dumping Scrapy stats:
{'downloader/request_bytes': 341,
 'downloader/request_count': 1,
 'downloader/request_method_count/GET': 1,
 'downloader/response_bytes': 381493,
 'downloader/response_count': 1,
 'downloader/response_status_count/200': 1,
 'elapsed_time_seconds': 121.320841,
 'finish_reason': 'finished',
 'finish_time': datetime.datetime(2021, 9, 4, 12, 58, 12, 663006),
 'item_scraped_count': 10,
 'log_count/DEBUG': 517,
 'log_count/INFO': 8,
 'response_received_count': 1,
 'scheduler/dequeued': 1,
 'scheduler/dequeued/memory': 1,
 'scheduler/enqueued': 1,
 'scheduler/enqueued/memory': 1,
 'start_time': datetime.datetime(2021, 9, 4, 12, 56, 11, 342165)}
2021-09-04 18:28:12 [scrapy] INFO: Spider closed (finished)
