2021-09-04 18:29:15 [scrapy] DEBUG: Crawled (200) <GET https://www.reliancedigital.in/bpl-109-22-cm-43-inch-full-hd-android-smart-tv-with-dolby-surround-sound-technology-43f-a4300/p/491893307> (referer: None)
2021-09-04 18:30:30 [scrapy] DEBUG: Scraped from <200 https://www.reliancedigital.in/bpl-109-22-cm-43-inch-full-hd-android-smart-tv-with-dolby-surround-sound-technology-43f-a4300/p/491893307>
{'image': '/medias/BPL-43F-A4300-Televisions-491893307-i-1-1200Wx1200H?context=bWFzdGVyfGltYWdlc3wzMjgyNjV8aW1hZ2UvanBlZ3xpbWFnZXMvaGEzL2hhNS85NTE5Mjk4OTY5NjMwLmpwZ3w2NWQ2OWEyODhlZDE3OTdjZmZhZGZlZDkzZWVjNTkwYzBlM2ViYjNlNzJmZWQ3NDc1YjI3MjVjZDhlZGIwNmQ0',
 'pid': 'https://www.reliancedigital.in/bpl-109-22-cm-43-inch-full-hd-android-smart-tv-with-dolby-surround-sound-technology-43f-a4300/p/491893307'}
2021-09-04 18:30:34 [scrapy] DEBUG: Scraped from <200 https://www.reliancedigital.in/bpl-109-22-cm-43-inch-full-hd-android-smart-tv-with-dolby-surround-sound-technology-43f-a4300/p/491893307>
{'image': '/medias/BPL-43F-A4300-Televisions-491893307-i-1-1200Wx1200H?context=bWFzdGVyfGltYWdlc3wzMjgyNjV8aW1hZ2UvanBlZ3xpbWFnZXMvaGEzL2hhNS85NTE5Mjk4OTY5NjMwLmpwZ3w2NWQ2OWEyODhlZDE3OTdjZmZhZGZlZDkzZWVjNTkwYzBlM2ViYjNlNzJmZWQ3NDc1YjI3MjVjZDhlZGIwNmQ0',
 'pid': 'https://www.reliancedigital.in/bpl-109-22-cm-43-inch-full-hd-android-smart-tv-with-dolby-surround-sound-technology-43f-a4300/p/491893307'}
2021-09-04 18:30:40 [scrapy] DEBUG: Scraped from <200 https://www.reliancedigital.in/bpl-109-22-cm-43-inch-full-hd-android-smart-tv-with-dolby-surround-sound-technology-43f-a4300/p/491893307>
{'image': '/medias/BPL-43F-A4300-Televisions-491893307-i-1-1200Wx1200H?context=bWFzdGVyfGltYWdlc3wzMjgyNjV8aW1hZ2UvanBlZ3xpbWFnZXMvaGEzL2hhNS85NTE5Mjk4OTY5NjMwLmpwZ3w2NWQ2OWEyODhlZDE3OTdjZmZhZGZlZDkzZWVjNTkwYzBlM2ViYjNlNzJmZWQ3NDc1YjI3MjVjZDhlZGIwNmQ0',
 'pid': 'https://www.reliancedigital.in/bpl-109-22-cm-43-inch-full-hd-android-smart-tv-with-dolby-surround-sound-technology-43f-a4300/p/491893307'}
2021-09-04 18:30:45 [scrapy] DEBUG: Scraped from <200 https://www.reliancedigital.in/bpl-109-22-cm-43-inch-full-hd-android-smart-tv-with-dolby-surround-sound-technology-43f-a4300/p/491893307>
{'image': '/medias/BPL-43F-A4300-Televisions-491893307-i-1-1200Wx1200H?context=bWFzdGVyfGltYWdlc3wzMjgyNjV8aW1hZ2UvanBlZ3xpbWFnZXMvaGEzL2hhNS85NTE5Mjk4OTY5NjMwLmpwZ3w2NWQ2OWEyODhlZDE3OTdjZmZhZGZlZDkzZWVjNTkwYzBlM2ViYjNlNzJmZWQ3NDc1YjI3MjVjZDhlZGIwNmQ0',
 'pid': 'https://www.reliancedigital.in/bpl-109-22-cm-43-inch-full-hd-android-smart-tv-with-dolby-surround-sound-technology-43f-a4300/p/491893307'}
2021-09-04 18:30:49 [scrapy] DEBUG: Scraped from <200 https://www.reliancedigital.in/bpl-109-22-cm-43-inch-full-hd-android-smart-tv-with-dolby-surround-sound-technology-43f-a4300/p/491893307>
{'image': '/medias/BPL-43F-A4300-Televisions-491893307-i-1-1200Wx1200H?context=bWFzdGVyfGltYWdlc3wzMjgyNjV8aW1hZ2UvanBlZ3xpbWFnZXMvaGEzL2hhNS85NTE5Mjk4OTY5NjMwLmpwZ3w2NWQ2OWEyODhlZDE3OTdjZmZhZGZlZDkzZWVjNTkwYzBlM2ViYjNlNzJmZWQ3NDc1YjI3MjVjZDhlZGIwNmQ0',
 'pid': 'https://www.reliancedigital.in/bpl-109-22-cm-43-inch-full-hd-android-smart-tv-with-dolby-surround-sound-technology-43f-a4300/p/491893307'}
2021-09-04 18:30:53 [scrapy] DEBUG: Scraped from <200 https://www.reliancedigital.in/bpl-109-22-cm-43-inch-full-hd-android-smart-tv-with-dolby-surround-sound-technology-43f-a4300/p/491893307>
{'image': '/medias/BPL-43F-A4300-Televisions-491893307-i-1-1200Wx1200H?context=bWFzdGVyfGltYWdlc3wzMjgyNjV8aW1hZ2UvanBlZ3xpbWFnZXMvaGEzL2hhNS85NTE5Mjk4OTY5NjMwLmpwZ3w2NWQ2OWEyODhlZDE3OTdjZmZhZGZlZDkzZWVjNTkwYzBlM2ViYjNlNzJmZWQ3NDc1YjI3MjVjZDhlZGIwNmQ0',
 'pid': 'https://www.reliancedigital.in/bpl-109-22-cm-43-inch-full-hd-android-smart-tv-with-dolby-surround-sound-technology-43f-a4300/p/491893307'}
2021-09-04 18:30:57 [scrapy] DEBUG: Scraped from <200 https://www.reliancedigital.in/bpl-109-22-cm-43-inch-full-hd-android-smart-tv-with-dolby-surround-sound-technology-43f-a4300/p/491893307>
{'image': '/medias/BPL-43F-A4300-Televisions-491893307-i-1-1200Wx1200H?context=bWFzdGVyfGltYWdlc3wzMjgyNjV8aW1hZ2UvanBlZ3xpbWFnZXMvaGEzL2hhNS85NTE5Mjk4OTY5NjMwLmpwZ3w2NWQ2OWEyODhlZDE3OTdjZmZhZGZlZDkzZWVjNTkwYzBlM2ViYjNlNzJmZWQ3NDc1YjI3MjVjZDhlZGIwNmQ0',
 'pid': 'https://www.reliancedigital.in/bpl-109-22-cm-43-inch-full-hd-android-smart-tv-with-dolby-surround-sound-technology-43f-a4300/p/491893307'}
2021-09-04 18:31:05 [scrapy] DEBUG: Scraped from <200 https://www.reliancedigital.in/bpl-109-22-cm-43-inch-full-hd-android-smart-tv-with-dolby-surround-sound-technology-43f-a4300/p/491893307>
{'image': '/medias/BPL-43F-A4300-Televisions-491893307-i-1-1200Wx1200H?context=bWFzdGVyfGltYWdlc3wzMjgyNjV8aW1hZ2UvanBlZ3xpbWFnZXMvaGEzL2hhNS85NTE5Mjk4OTY5NjMwLmpwZ3w2NWQ2OWEyODhlZDE3OTdjZmZhZGZlZDkzZWVjNTkwYzBlM2ViYjNlNzJmZWQ3NDc1YjI3MjVjZDhlZGIwNmQ0',
 'pid': 'https://www.reliancedigital.in/bpl-109-22-cm-43-inch-full-hd-android-smart-tv-with-dolby-surround-sound-technology-43f-a4300/p/491893307'}
2021-09-04 18:31:12 [scrapy] DEBUG: Scraped from <200 https://www.reliancedigital.in/bpl-109-22-cm-43-inch-full-hd-android-smart-tv-with-dolby-surround-sound-technology-43f-a4300/p/491893307>
{'image': '/medias/BPL-43F-A4300-Televisions-491893307-i-1-1200Wx1200H?context=bWFzdGVyfGltYWdlc3wzMjgyNjV8aW1hZ2UvanBlZ3xpbWFnZXMvaGEzL2hhNS85NTE5Mjk4OTY5NjMwLmpwZ3w2NWQ2OWEyODhlZDE3OTdjZmZhZGZlZDkzZWVjNTkwYzBlM2ViYjNlNzJmZWQ3NDc1YjI3MjVjZDhlZGIwNmQ0',
 'pid': 'https://www.reliancedigital.in/bpl-109-22-cm-43-inch-full-hd-android-smart-tv-with-dolby-surround-sound-technology-43f-a4300/p/491893307'}
2021-09-04 18:31:21 [scrapy] DEBUG: Scraped from <200 https://www.reliancedigital.in/bpl-109-22-cm-43-inch-full-hd-android-smart-tv-with-dolby-surround-sound-technology-43f-a4300/p/491893307>
{'image': '/medias/BPL-43F-A4300-Televisions-491893307-i-1-1200Wx1200H?context=bWFzdGVyfGltYWdlc3wzMjgyNjV8aW1hZ2UvanBlZ3xpbWFnZXMvaGEzL2hhNS85NTE5Mjk4OTY5NjMwLmpwZ3w2NWQ2OWEyODhlZDE3OTdjZmZhZGZlZDkzZWVjNTkwYzBlM2ViYjNlNzJmZWQ3NDc1YjI3MjVjZDhlZGIwNmQ0',
 'pid': 'https://www.reliancedigital.in/bpl-109-22-cm-43-inch-full-hd-android-smart-tv-with-dolby-surround-sound-technology-43f-a4300/p/491893307'}
2021-09-04 18:31:25 [scrapy] DEBUG: Scraped from <200 https://www.reliancedigital.in/bpl-109-22-cm-43-inch-full-hd-android-smart-tv-with-dolby-surround-sound-technology-43f-a4300/p/491893307>
{'image': '/medias/BPL-43F-A4300-Televisions-491893307-i-1-1200Wx1200H?context=bWFzdGVyfGltYWdlc3wzMjgyNjV8aW1hZ2UvanBlZ3xpbWFnZXMvaGEzL2hhNS85NTE5Mjk4OTY5NjMwLmpwZ3w2NWQ2OWEyODhlZDE3OTdjZmZhZGZlZDkzZWVjNTkwYzBlM2ViYjNlNzJmZWQ3NDc1YjI3MjVjZDhlZGIwNmQ0',
 'pid': 'https://www.reliancedigital.in/bpl-109-22-cm-43-inch-full-hd-android-smart-tv-with-dolby-surround-sound-technology-43f-a4300/p/491893307'}
2021-09-04 18:31:28 [scrapy] INFO: Closing spider (finished)
2021-09-04 18:31:28 [scrapy] INFO: Dumping Scrapy stats:
{'downloader/request_bytes': 412,
 'downloader/request_count': 1,
 'downloader/request_method_count/GET': 1,
 'downloader/response_bytes': 381463,
 'downloader/response_count': 1,
 'downloader/response_status_count/200': 1,
 'elapsed_time_seconds': 136.841644,
 'finish_reason': 'finished',
 'finish_time': datetime.datetime(2021, 9, 4, 13, 1, 28, 196551),
 'item_scraped_count': 11,
 'log_count/DEBUG': 578,
 'log_count/INFO': 8,
 'response_received_count': 1,
 'scheduler/dequeued': 1,
 'scheduler/dequeued/memory': 1,
 'scheduler/enqueued': 1,
 'scheduler/enqueued/memory': 1,
 'start_time': datetime.datetime(2021, 9, 4, 12, 59, 11, 354907)}
2021-09-04 18:31:28 [scrapy] INFO: Spider closed (finished)
