2021-09-05 09:12:02 [scrapy] DEBUG: Redirecting (301) to <GET https://www.amazon.in/Seagate-Portable-External-Drive-STGX2000400/dp/B07CRG94G3> from <GET https://www.amazon.in/Seagate-Portable-External-Hard-Drive/dp/B07CRG94G3/ref=lp_16225007011_1_1>
2021-09-05 09:12:03 [scrapy] DEBUG: Crawled (200) <GET https://www.amazon.in/Seagate-Portable-External-Drive-STGX2000400/dp/B07CRG94G3> (referer: None)
2021-09-05 09:12:03 [scrapy] INFO: Closing spider (finished)
2021-09-05 09:12:03 [scrapy] INFO: Dumping Scrapy stats:
{'downloader/request_bytes': 612,
 'downloader/request_count': 2,
 'downloader/request_method_count/GET': 2,
 'downloader/response_bytes': 310738,
 'downloader/response_count': 2,
 'downloader/response_status_count/200': 1,
 'downloader/response_status_count/301': 1,
 'elapsed_time_seconds': 2.030991,
 'finish_reason': 'finished',
 'finish_time': datetime.datetime(2021, 9, 5, 3, 42, 3, 960748),
 'httpcompression/response_bytes': 1421107,
 'httpcompression/response_count': 1,
 'log_count/DEBUG': 2,
 'log_count/INFO': 8,
 'response_received_count': 1,
 'scheduler/dequeued': 2,
 'scheduler/dequeued/memory': 2,
 'scheduler/enqueued': 2,
 'scheduler/enqueued/memory': 2,
 'start_time': datetime.datetime(2021, 9, 5, 3, 42, 1, 929757)}
2021-09-05 09:12:03 [scrapy] INFO: Spider closed (finished)
