2021-09-05 09:14:50 [scrapy] DEBUG: Redirecting (301) to <GET https://www.amazon.in/Seagate-Portable-External-Drive-STGX2000400/dp/B07CRG94G3> from <GET https://www.amazon.in/Seagate-Portable-External-Hard-Drive/dp/B07CRG94G3/ref=lp_16225007011_1_1>
2021-09-05 09:14:50 [scrapy] DEBUG: Crawled (200) <GET https://www.amazon.in/Seagate-Portable-External-Drive-STGX2000400/dp/B07CRG94G3> (referer: None)
2021-09-05 09:14:51 [scrapy] INFO: Closing spider (finished)
2021-09-05 09:14:51 [scrapy] INFO: Dumping Scrapy stats:
{'downloader/request_bytes': 658,
 'downloader/request_count': 2,
 'downloader/request_method_count/GET': 2,
 'downloader/response_bytes': 3073,
 'downloader/response_count': 2,
 'downloader/response_status_count/200': 1,
 'downloader/response_status_count/301': 1,
 'elapsed_time_seconds': 1.00325,
 'finish_reason': 'finished',
 'finish_time': datetime.datetime(2021, 9, 5, 3, 44, 51, 18997),
 'httpcompression/response_bytes': 7114,
 'httpcompression/response_count': 1,
 'log_count/DEBUG': 2,
 'log_count/INFO': 8,
 'response_received_count': 1,
 'scheduler/dequeued': 2,
 'scheduler/dequeued/memory': 2,
 'scheduler/enqueued': 2,
 'scheduler/enqueued/memory': 2,
 'start_time': datetime.datetime(2021, 9, 5, 3, 44, 50, 15747)}
2021-09-05 09:14:51 [scrapy] INFO: Spider closed (finished)
