2021-09-05 08:42:26 [scrapy] DEBUG: Crawled (200) <GET https://www.ajio.com/red-round-tiered-embellished-lehenga-choli-set-with-dupatta/p/461884174_navy> (referer: None)
2021-09-05 08:42:35 [scrapy] DEBUG: Scraped from <200 https://www.ajio.com/red-round-tiered-embellished-lehenga-choli-set-with-dupatta/p/461884174_navy>
{'image': 'https://assets.ajio.com/medias/sys_master/root/20210620/1lnH/60cfab93aeb269a9e3f603e7/-473Wx593H-461884174-navy-MODEL.jpg',
 'pid': 'https://www.ajio.com/red-round-tiered-embellished-lehenga-choli-set-with-dupatta/p/461884174_navy'}
2021-09-05 08:42:38 [scrapy] DEBUG: Scraped from <200 https://www.ajio.com/red-round-tiered-embellished-lehenga-choli-set-with-dupatta/p/461884174_navy>
{'image': 'https://assets.ajio.com/medias/sys_master/root/20210620/MgyG/60cfab93aeb269a9e3f60364/-473Wx593H-461884174-navy-MODEL2.jpg',
 'pid': 'https://www.ajio.com/red-round-tiered-embellished-lehenga-choli-set-with-dupatta/p/461884174_navy'}
2021-09-05 08:42:40 [scrapy] DEBUG: Scraped from <200 https://www.ajio.com/red-round-tiered-embellished-lehenga-choli-set-with-dupatta/p/461884174_navy>
{'image': 'https://assets.ajio.com/medias/sys_master/root/20210620/re5d/60cfab93aeb269a9e3f60365/-473Wx593H-461884174-navy-MODEL3.jpg',
 'pid': 'https://www.ajio.com/red-round-tiered-embellished-lehenga-choli-set-with-dupatta/p/461884174_navy'}
2021-09-05 08:42:43 [scrapy] DEBUG: Scraped from <200 https://www.ajio.com/red-round-tiered-embellished-lehenga-choli-set-with-dupatta/p/461884174_navy>
{'image': 'https://assets.ajio.com/medias/sys_master/root/20210620/tRI1/60cfab93aeb269a9e3f60385/-473Wx593H-461884174-navy-MODEL4.jpg',
 'pid': 'https://www.ajio.com/red-round-tiered-embellished-lehenga-choli-set-with-dupatta/p/461884174_navy'}
2021-09-05 08:42:45 [scrapy] DEBUG: Scraped from <200 https://www.ajio.com/red-round-tiered-embellished-lehenga-choli-set-with-dupatta/p/461884174_navy>
{'image': 'https://assets.ajio.com/medias/sys_master/root/20210620/CWk0/60cfab93aeb269a9e3f6035b/-473Wx593H-461884174-navy-MODEL5.jpg',
 'pid': 'https://www.ajio.com/red-round-tiered-embellished-lehenga-choli-set-with-dupatta/p/461884174_navy'}
2021-09-05 08:42:48 [scrapy] DEBUG: Scraped from <200 https://www.ajio.com/red-round-tiered-embellished-lehenga-choli-set-with-dupatta/p/461884174_navy>
{'image': 'https://assets.ajio.com/medias/sys_master/root/20210620/1lnH/60cfab93aeb269a9e3f603e7/-473Wx593H-461884174-navy-MODEL.jpg',
 'pid': 'https://www.ajio.com/red-round-tiered-embellished-lehenga-choli-set-with-dupatta/p/461884174_navy'}
2021-09-05 08:42:50 [scrapy] DEBUG: Scraped from <200 https://www.ajio.com/red-round-tiered-embellished-lehenga-choli-set-with-dupatta/p/461884174_navy>
{'image': 'https://assets.ajio.com/medias/sys_master/root/20210620/MgyG/60cfab93aeb269a9e3f60364/-473Wx593H-461884174-navy-MODEL2.jpg',
 'pid': 'https://www.ajio.com/red-round-tiered-embellished-lehenga-choli-set-with-dupatta/p/461884174_navy'}
2021-09-05 08:42:52 [scrapy] DEBUG: Scraped from <200 https://www.ajio.com/red-round-tiered-embellished-lehenga-choli-set-with-dupatta/p/461884174_navy>
{'image': 'https://assets.ajio.com/medias/sys_master/root/20210620/re5d/60cfab93aeb269a9e3f60365/-473Wx593H-461884174-navy-MODEL3.jpg',
 'pid': 'https://www.ajio.com/red-round-tiered-embellished-lehenga-choli-set-with-dupatta/p/461884174_navy'}
2021-09-05 08:42:55 [scrapy] DEBUG: Scraped from <200 https://www.ajio.com/red-round-tiered-embellished-lehenga-choli-set-with-dupatta/p/461884174_navy>
{'image': 'https://assets.ajio.com/medias/sys_master/root/20210620/tRI1/60cfab93aeb269a9e3f60385/-473Wx593H-461884174-navy-MODEL4.jpg',
 'pid': 'https://www.ajio.com/red-round-tiered-embellished-lehenga-choli-set-with-dupatta/p/461884174_navy'}
2021-09-05 08:42:57 [scrapy] DEBUG: Scraped from <200 https://www.ajio.com/red-round-tiered-embellished-lehenga-choli-set-with-dupatta/p/461884174_navy>
{'image': 'https://assets.ajio.com/medias/sys_master/root/20210620/CWk0/60cfab93aeb269a9e3f6035b/-473Wx593H-461884174-navy-MODEL5.jpg',
 'pid': 'https://www.ajio.com/red-round-tiered-embellished-lehenga-choli-set-with-dupatta/p/461884174_navy'}
2021-09-05 08:42:59 [scrapy] DEBUG: Scraped from <200 https://www.ajio.com/red-round-tiered-embellished-lehenga-choli-set-with-dupatta/p/461884174_navy>
{'image': 'https://assets.ajio.com/medias/sys_master/root/20210620/1lnH/60cfab93aeb269a9e3f603e7/-473Wx593H-461884174-navy-MODEL.jpg',
 'pid': 'https://www.ajio.com/red-round-tiered-embellished-lehenga-choli-set-with-dupatta/p/461884174_navy'}
2021-09-05 08:43:02 [scrapy] DEBUG: Scraped from <200 https://www.ajio.com/red-round-tiered-embellished-lehenga-choli-set-with-dupatta/p/461884174_navy>
{'image': 'https://assets.ajio.com/medias/sys_master/root/20210620/MgyG/60cfab93aeb269a9e3f60364/-473Wx593H-461884174-navy-MODEL2.jpg',
 'pid': 'https://www.ajio.com/red-round-tiered-embellished-lehenga-choli-set-with-dupatta/p/461884174_navy'}
2021-09-05 08:43:04 [scrapy] DEBUG: Scraped from <200 https://www.ajio.com/red-round-tiered-embellished-lehenga-choli-set-with-dupatta/p/461884174_navy>
{'image': 'https://assets.ajio.com/medias/sys_master/root/20210620/re5d/60cfab93aeb269a9e3f60365/-473Wx593H-461884174-navy-MODEL3.jpg',
 'pid': 'https://www.ajio.com/red-round-tiered-embellished-lehenga-choli-set-with-dupatta/p/461884174_navy'}
2021-09-05 08:43:06 [scrapy] DEBUG: Scraped from <200 https://www.ajio.com/red-round-tiered-embellished-lehenga-choli-set-with-dupatta/p/461884174_navy>
{'image': 'https://assets.ajio.com/medias/sys_master/root/20210620/tRI1/60cfab93aeb269a9e3f60385/-473Wx593H-461884174-navy-MODEL4.jpg',
 'pid': 'https://www.ajio.com/red-round-tiered-embellished-lehenga-choli-set-with-dupatta/p/461884174_navy'}
2021-09-05 08:43:08 [scrapy] DEBUG: Scraped from <200 https://www.ajio.com/red-round-tiered-embellished-lehenga-choli-set-with-dupatta/p/461884174_navy>
{'image': 'https://assets.ajio.com/medias/sys_master/root/20210620/CWk0/60cfab93aeb269a9e3f6035b/-473Wx593H-461884174-navy-MODEL5.jpg',
 'pid': 'https://www.ajio.com/red-round-tiered-embellished-lehenga-choli-set-with-dupatta/p/461884174_navy'}
2021-09-05 08:43:11 [scrapy] INFO: Closing spider (finished)
2021-09-05 08:43:11 [scrapy] INFO: Dumping Scrapy stats:
{'downloader/request_bytes': 334,
 'downloader/request_count': 1,
 'downloader/request_method_count/GET': 1,
 'downloader/response_bytes': 41480,
 'downloader/response_count': 1,
 'downloader/response_status_count/200': 1,
 'elapsed_time_seconds': 45.08835,
 'finish_reason': 'finished',
 'finish_time': datetime.datetime(2021, 9, 5, 3, 13, 11, 123617),
 'httpcompression/response_bytes': 299991,
 'httpcompression/response_count': 1,
 'item_scraped_count': 15,
 'log_count/DEBUG': 867,
 'log_count/INFO': 8,
 'response_received_count': 1,
 'scheduler/dequeued': 1,
 'scheduler/dequeued/memory': 1,
 'scheduler/enqueued': 1,
 'scheduler/enqueued/memory': 1,
 'start_time': datetime.datetime(2021, 9, 5, 3, 12, 26, 35267)}
2021-09-05 08:43:11 [scrapy] INFO: Spider closed (finished)
