2021-08-21 17:53:24 [scrapy] DEBUG: Crawled (200) <GET https://www.pantaloons.com/p/people-navy-textured-trousers-520025.html/> (referer: None)
2021-08-21 17:54:15 [scrapy] DEBUG: Scraped from <200 https://www.pantaloons.com/p/people-navy-textured-trousers-520025.html/>
{'pid': 'https://www.pantaloons.com/p/people-navy-textured-trousers-520025.html/',
 'price': ['\n\t\t\t', '765\t\t'],
 'price_2': ['55% off'],
 'price_mrp': ['\n\t\t\t\t', '1,699 ', '\n\t\t\t']}
2021-08-21 17:54:15 [scrapy] INFO: Closing spider (finished)
2021-08-21 17:54:15 [scrapy] INFO: Dumping Scrapy stats:
{'downloader/request_bytes': 343,
 'downloader/request_count': 1,
 'downloader/request_method_count/GET': 1,
 'downloader/response_bytes': 53826,
 'downloader/response_count': 1,
 'downloader/response_status_count/200': 1,
 'elapsed_time_seconds': 51.626075,
 'finish_reason': 'finished',
 'finish_time': datetime.datetime(2021, 8, 21, 12, 24, 15, 213098),
 'httpcompression/response_bytes': 211495,
 'httpcompression/response_count': 1,
 'item_scraped_count': 1,
 'log_count/DEBUG': 52,
 'log_count/INFO': 8,
 'response_received_count': 1,
 'scheduler/dequeued': 1,
 'scheduler/dequeued/memory': 1,
 'scheduler/enqueued': 1,
 'scheduler/enqueued/memory': 1,
 'start_time': datetime.datetime(2021, 8, 21, 12, 23, 23, 587023)}
2021-08-21 17:54:15 [scrapy] INFO: Spider closed (finished)
