2021-08-21 17:43:06 [scrapy] DEBUG: Crawled (200) <GET https://www.pantaloons.com/p/van-heusen-red-check-shirt-541673.html/> (referer: None)
2021-08-21 17:48:00 [scrapy] DEBUG: Scraped from <200 https://www.pantaloons.com/p/van-heusen-red-check-shirt-541673.html/>
{'pid': 'https://www.pantaloons.com/p/van-heusen-red-check-shirt-541673.html/',
 'price': [],
 'price_2': [],
 'price_mrp': []}
2021-08-21 17:48:00 [scrapy] INFO: Closing spider (finished)
2021-08-21 17:48:00 [scrapy] INFO: Dumping Scrapy stats:
{'downloader/request_bytes': 332,
 'downloader/request_count': 1,
 'downloader/request_method_count/GET': 1,
 'downloader/response_bytes': 53663,
 'downloader/response_count': 1,
 'downloader/response_status_count/200': 1,
 'elapsed_time_seconds': 294.802698,
 'finish_reason': 'finished',
 'finish_time': datetime.datetime(2021, 8, 21, 12, 18, 0, 193715),
 'httpcompression/response_bytes': 210666,
 'httpcompression/response_count': 1,
 'item_scraped_count': 1,
 'log_count/DEBUG': 62,
 'log_count/INFO': 8,
 'response_received_count': 1,
 'scheduler/dequeued': 1,
 'scheduler/dequeued/memory': 1,
 'scheduler/enqueued': 1,
 'scheduler/enqueued/memory': 1,
 'start_time': datetime.datetime(2021, 8, 21, 12, 13, 5, 391017)}
2021-08-21 17:48:00 [scrapy] INFO: Spider closed (finished)
