2021-09-05 07:38:01 [scrapy] DEBUG: Crawled (200) <GET https://www.pantaloons.com/p/black-solid-jeans-558751.html> (referer: None)
2021-09-05 07:38:12 [scrapy] DEBUG: Scraped from <200 https://www.pantaloons.com/p/black-solid-jeans-558751.html>
{'image': 'https://pantaloons.imgix.net/img/app/product/5/558751-4635443.jpg?w=83&auto=format',
 'pid': 'https://www.pantaloons.com/p/black-solid-jeans-558751.html'}
2021-09-05 07:38:15 [scrapy] DEBUG: Scraped from <200 https://www.pantaloons.com/p/black-solid-jeans-558751.html>
{'image': 'https://pantaloons.imgix.net/img/app/product/5/558751-4635444.jpg?w=83&auto=format',
 'pid': 'https://www.pantaloons.com/p/black-solid-jeans-558751.html'}
2021-09-05 07:38:17 [scrapy] DEBUG: Scraped from <200 https://www.pantaloons.com/p/black-solid-jeans-558751.html>
{'image': 'https://pantaloons.imgix.net/img/app/product/5/558751-4635445.jpg?w=83&auto=format',
 'pid': 'https://www.pantaloons.com/p/black-solid-jeans-558751.html'}
2021-09-05 07:38:20 [scrapy] DEBUG: Scraped from <200 https://www.pantaloons.com/p/black-solid-jeans-558751.html>
{'image': 'https://pantaloons.imgix.net/img/app/product/5/558751-4635447.jpg?w=83&auto=format',
 'pid': 'https://www.pantaloons.com/p/black-solid-jeans-558751.html'}
2021-09-05 07:38:22 [scrapy] DEBUG: Scraped from <200 https://www.pantaloons.com/p/black-solid-jeans-558751.html>
{'image': 'https://pantaloons.imgix.net/img/app/others/img1x1.png',
 'pid': 'https://www.pantaloons.com/p/black-solid-jeans-558751.html'}
2021-09-05 07:38:24 [scrapy] INFO: Closing spider (finished)
2021-09-05 07:38:24 [scrapy] INFO: Dumping Scrapy stats:
{'downloader/request_bytes': 334,
 'downloader/request_count': 1,
 'downloader/request_method_count/GET': 1,
 'downloader/response_bytes': 85287,
 'downloader/response_count': 1,
 'downloader/response_status_count/200': 1,
 'elapsed_time_seconds': 24.503266,
 'finish_reason': 'finished',
 'finish_time': datetime.datetime(2021, 9, 5, 2, 8, 24, 914708),
 'httpcompression/response_bytes': 330972,
 'httpcompression/response_count': 1,
 'item_scraped_count': 5,
 'log_count/DEBUG': 234,
 'log_count/INFO': 8,
 'response_received_count': 1,
 'scheduler/dequeued': 1,
 'scheduler/dequeued/memory': 1,
 'scheduler/enqueued': 1,
 'scheduler/enqueued/memory': 1,
 'start_time': datetime.datetime(2021, 9, 5, 2, 8, 0, 411442)}
2021-09-05 07:38:24 [scrapy] INFO: Spider closed (finished)
