2021-09-05 07:37:05 [scrapy] DEBUG: Crawled (200) <GET https://www.pantaloons.com/p/-black-solid-jeans-526686.html> (referer: None)
2021-09-05 07:37:15 [scrapy] DEBUG: Scraped from <200 https://www.pantaloons.com/p/-black-solid-jeans-526686.html>
{'image': 'https://pantaloons.imgix.net/img/app/others/img1x1.png',
 'pid': 'https://www.pantaloons.com/p/-black-solid-jeans-526686.html'}
2021-09-05 07:37:17 [scrapy] DEBUG: Scraped from <200 https://www.pantaloons.com/p/-black-solid-jeans-526686.html>
{'image': 'https://pantaloons.imgix.net/img/app/others/img1x1.png',
 'pid': 'https://www.pantaloons.com/p/-black-solid-jeans-526686.html'}
2021-09-05 07:37:20 [scrapy] DEBUG: Scraped from <200 https://www.pantaloons.com/p/-black-solid-jeans-526686.html>
{'image': 'https://pantaloons.imgix.net/img/app/others/img1x1.png',
 'pid': 'https://www.pantaloons.com/p/-black-solid-jeans-526686.html'}
2021-09-05 07:37:22 [scrapy] DEBUG: Scraped from <200 https://www.pantaloons.com/p/-black-solid-jeans-526686.html>
{'image': 'https://pantaloons.imgix.net/img/app/others/img1x1.png',
 'pid': 'https://www.pantaloons.com/p/-black-solid-jeans-526686.html'}
2021-09-05 07:37:24 [scrapy] DEBUG: Scraped from <200 https://www.pantaloons.com/p/-black-solid-jeans-526686.html>
{'image': 'https://pantaloons.imgix.net/img/app/others/img1x1.png',
 'pid': 'https://www.pantaloons.com/p/-black-solid-jeans-526686.html'}
2021-09-05 07:37:27 [scrapy] INFO: Closing spider (finished)
2021-09-05 07:37:27 [scrapy] INFO: Dumping Scrapy stats:
{'downloader/request_bytes': 316,
 'downloader/request_count': 1,
 'downloader/request_method_count/GET': 1,
 'downloader/response_bytes': 85300,
 'downloader/response_count': 1,
 'downloader/response_status_count/200': 1,
 'elapsed_time_seconds': 21.812887,
 'finish_reason': 'finished',
 'finish_time': datetime.datetime(2021, 9, 5, 2, 7, 27, 634207),
 'httpcompression/response_bytes': 330995,
 'httpcompression/response_count': 1,
 'item_scraped_count': 5,
 'log_count/DEBUG': 244,
 'log_count/INFO': 8,
 'response_received_count': 1,
 'scheduler/dequeued': 1,
 'scheduler/dequeued/memory': 1,
 'scheduler/enqueued': 1,
 'scheduler/enqueued/memory': 1,
 'start_time': datetime.datetime(2021, 9, 5, 2, 7, 5, 821320)}
2021-09-05 07:37:27 [scrapy] INFO: Spider closed (finished)
