2021-09-05 07:33:12 [scrapy] DEBUG: Crawled (200) <GET https://www.pantaloons.com/p/-black-solid-jeans-526686.html> (referer: None)
2021-09-05 07:33:21 [scrapy] DEBUG: Scraped from <200 https://www.pantaloons.com/p/-black-solid-jeans-526686.html>
{'image': None,
 'pid': 'https://www.pantaloons.com/p/-black-solid-jeans-526686.html'}
2021-09-05 07:33:24 [scrapy] DEBUG: Scraped from <200 https://www.pantaloons.com/p/-black-solid-jeans-526686.html>
{'image': None,
 'pid': 'https://www.pantaloons.com/p/-black-solid-jeans-526686.html'}
2021-09-05 07:33:26 [scrapy] DEBUG: Scraped from <200 https://www.pantaloons.com/p/-black-solid-jeans-526686.html>
{'image': None,
 'pid': 'https://www.pantaloons.com/p/-black-solid-jeans-526686.html'}
2021-09-05 07:33:28 [scrapy] DEBUG: Scraped from <200 https://www.pantaloons.com/p/-black-solid-jeans-526686.html>
{'image': None,
 'pid': 'https://www.pantaloons.com/p/-black-solid-jeans-526686.html'}
2021-09-05 07:33:30 [scrapy] DEBUG: Scraped from <200 https://www.pantaloons.com/p/-black-solid-jeans-526686.html>
{'image': None,
 'pid': 'https://www.pantaloons.com/p/-black-solid-jeans-526686.html'}
2021-09-05 07:33:33 [scrapy] INFO: Closing spider (finished)
2021-09-05 07:33:33 [scrapy] INFO: Dumping Scrapy stats:
{'downloader/request_bytes': 346,
 'downloader/request_count': 1,
 'downloader/request_method_count/GET': 1,
 'downloader/response_bytes': 103769,
 'downloader/response_count': 1,
 'downloader/response_status_count/200': 1,
 'elapsed_time_seconds': 22.248702,
 'finish_reason': 'finished',
 'finish_time': datetime.datetime(2021, 9, 5, 2, 3, 33, 310378),
 'httpcompression/response_bytes': 390197,
 'httpcompression/response_count': 1,
 'item_scraped_count': 5,
 'log_count/DEBUG': 249,
 'log_count/INFO': 8,
 'response_received_count': 1,
 'scheduler/dequeued': 1,
 'scheduler/dequeued/memory': 1,
 'scheduler/enqueued': 1,
 'scheduler/enqueued/memory': 1,
 'start_time': datetime.datetime(2021, 9, 5, 2, 3, 11, 61676)}
2021-09-05 07:33:33 [scrapy] INFO: Spider closed (finished)
